<?xml version="1.0" encoding="UTF-8"?>
<!-- Generated by org.testng.reporters.JUnitXMLReporter -->
<testsuite ignored="0" hostname="DESKTOP-75G1BKT" failures="0" tests="4" name="Test" time="40.935" errors="0" timestamp="2024-12-09T14:03:01 IST">
  <testcase classname="test.TC_001_RegisterTest" name="RegisterTest" time="1.57"/>
  <testcase classname="test.TC_002_LoginTestDifFunction" name="LoginTest" time="17.251"/>
  <testcase classname="test.TC_004_InvalidDobTest" name="RegisterTest" time="3.427"/>
  <testcase classname="test.TC_003_InvalidLoginTests" name="InvalidLoginTest" time="1.094"/>
</testsuite> <!-- Test -->
