<?xml version="1.0" encoding="UTF-8"?>
<!-- Generated by org.testng.reporters.JUnitXMLReporter -->
<testsuite ignored="6" hostname="DESKTOP-75G1BKT" failures="0" tests="4" name="Test" time="43.042" errors="0" timestamp="2024-12-11T16:34:02 IST">
  <testcase classname="test.TC_001_RegisterTest" name="RegisterTest" time="1.399"/>
  <testcase classname="test.TC_002_LoginTestDifFunction" name="LoginTest" time="15.708"/>
  <testcase classname="test.TC_004_InvalidDobTest" name="RegisterTest" time="3.302"/>
  <testcase classname="test.TC_003_InvalidLoginTests" name="InvalidLoginTest" time="1.135"/>
  <testcase classname="base.ProjectSpecificationMethod" name="@AfterSuite closesuite" time="0.0">
    <ignored/>
  </testcase> <!-- @AfterSuite closesuite -->
  <testcase classname="base.ProjectSpecificationMethod" name="@AfterSuite closesuite" time="0.0">
    <ignored/>
  </testcase> <!-- @AfterSuite closesuite -->
  <testcase classname="base.ProjectSpecificationMethod" name="@BeforeSuite reportInitilization" time="0.0">
    <ignored/>
  </testcase> <!-- @BeforeSuite reportInitilization -->
  <testcase classname="base.ProjectSpecificationMethod" name="@AfterSuite closesuite" time="0.0">
    <ignored/>
  </testcase> <!-- @AfterSuite closesuite -->
  <testcase classname="base.ProjectSpecificationMethod" name="@BeforeSuite reportInitilization" time="0.0">
    <ignored/>
  </testcase> <!-- @BeforeSuite reportInitilization -->
  <testcase classname="base.ProjectSpecificationMethod" name="@BeforeSuite reportInitilization" time="0.0">
    <ignored/>
  </testcase> <!-- @BeforeSuite reportInitilization -->
</testsuite> <!-- Test -->
