<?xml version="1.0" encoding="UTF-8"?>
<!-- Generated by org.testng.reporters.JUnitXMLReporter -->
<testsuite ignored="6" hostname="DESKTOP-75G1BKT" failures="0" tests="1" name="Test" time="42.111" errors="0" timestamp="2024-12-11T19:03:18 IST">
  <testcase classname="test.TC_001_RegisterTest" name="RegisterTest" time="1.516"/>
  <testcase classname="base.ProjectSpecificationMethod" name="@AfterSuite closesuite" time="0.0">
    <ignored/>
  </testcase> <!-- @AfterSuite closesuite -->
  <testcase classname="base.ProjectSpecificationMethod" name="@AfterSuite closesuite" time="0.0">
    <ignored/>
  </testcase> <!-- @AfterSuite closesuite -->
  <testcase classname="base.ProjectSpecificationMethod" name="@BeforeSuite reportInitilization" time="0.0">
    <ignored/>
  </testcase> <!-- @BeforeSuite reportInitilization -->
  <testcase classname="base.ProjectSpecificationMethod" name="@BeforeSuite reportInitilization" time="0.0">
    <ignored/>
  </testcase> <!-- @BeforeSuite reportInitilization -->
  <testcase classname="base.ProjectSpecificationMethod" name="@BeforeSuite reportInitilization" time="0.0">
    <ignored/>
  </testcase> <!-- @BeforeSuite reportInitilization -->
  <testcase classname="base.ProjectSpecificationMethod" name="@AfterSuite closesuite" time="0.0">
    <ignored/>
  </testcase> <!-- @AfterSuite closesuite -->
</testsuite> <!-- Test -->
