<?xml version="1.0" encoding="UTF-8"?>
<testng-results ignored="0" total="4" passed="4" failed="0" skipped="0">
  <reporter-output>
  </reporter-output>
  <suite started-at="2024-12-11T16:33:18 IST" name="Suite" finished-at="2024-12-11T16:34:01 IST" duration-ms="43042">
    <groups>
    </groups>
    <test started-at="2024-12-11T16:33:18 IST" name="Test" finished-at="2024-12-11T16:34:01 IST" duration-ms="43042">
      <class name="test.TC_003_InvalidLoginTests">
        <test-method is-config="true" signature="data()[pri:0, instance:test.TC_003_InvalidLoginTests@65d09a04]" started-at="2024-12-11T16:33:18 IST" name="data" finished-at="2024-12-11T16:33:18 IST" duration-ms="3" status="PASS">
          <reporter-output>
          </reporter-output>
        </test-method> <!-- data -->
        <test-method is-config="true" signature="launchLoadUrl(java.lang.String,java.lang.String)[pri:0, instance:test.TC_003_InvalidLoginTests@65d09a04]" started-at="2024-12-11T16:33:56 IST" name="launchLoadUrl" finished-at="2024-12-11T16:34:00 IST" duration-ms="3914" status="PASS">
          <params>
            <param index="0">
              <value>
                <![CDATA[https://thinking-tester-contact-list.herokuapp.com/]]>
              </value>
            </param>
            <param index="1">
              <value>
                <![CDATA[Chrome]]>
              </value>
            </param>
          </params>
          <reporter-output>
          </reporter-output>
        </test-method> <!-- launchLoadUrl -->
        <test-method signature="InvalidLoginTest()[pri:0, instance:test.TC_003_InvalidLoginTests@65d09a04]" started-at="2024-12-11T16:34:00 IST" name="InvalidLoginTest" finished-at="2024-12-11T16:34:01 IST" duration-ms="1135" status="PASS">
          <reporter-output>
          </reporter-output>
        </test-method> <!-- InvalidLoginTest -->
        <test-method is-config="true" signature="closeLauncher()[pri:0, instance:test.TC_003_InvalidLoginTests@65d09a04]" started-at="2024-12-11T16:34:01 IST" name="closeLauncher" finished-at="2024-12-11T16:34:01 IST" duration-ms="176" status="PASS">
          <reporter-output>
          </reporter-output>
        </test-method> <!-- closeLauncher -->
      </class> <!-- test.TC_003_InvalidLoginTests -->
      <class name="test.TC_002_LoginTestDifFunction">
        <test-method is-config="true" signature="data()[pri:0, instance:test.TC_002_LoginTestDifFunction@4961f6af]" started-at="2024-12-11T16:33:18 IST" name="data" finished-at="2024-12-11T16:33:18 IST" duration-ms="1" status="PASS">
          <reporter-output>
          </reporter-output>
        </test-method> <!-- data -->
        <test-method is-config="true" signature="launchLoadUrl(java.lang.String,java.lang.String)[pri:0, instance:test.TC_002_LoginTestDifFunction@4961f6af]" started-at="2024-12-11T16:33:28 IST" name="launchLoadUrl" finished-at="2024-12-11T16:33:33 IST" duration-ms="4315" status="PASS">
          <params>
            <param index="0">
              <value>
                <![CDATA[https://thinking-tester-contact-list.herokuapp.com/]]>
              </value>
            </param>
            <param index="1">
              <value>
                <![CDATA[Chrome]]>
              </value>
            </param>
          </params>
          <reporter-output>
          </reporter-output>
        </test-method> <!-- launchLoadUrl -->
        <test-method signature="LoginTest()[pri:0, instance:test.TC_002_LoginTestDifFunction@4961f6af]" started-at="2024-12-11T16:33:33 IST" name="LoginTest" finished-at="2024-12-11T16:33:48 IST" duration-ms="15708" status="PASS">
          <reporter-output>
          </reporter-output>
        </test-method> <!-- LoginTest -->
        <test-method is-config="true" signature="closeLauncher()[pri:0, instance:test.TC_002_LoginTestDifFunction@4961f6af]" started-at="2024-12-11T16:33:48 IST" name="closeLauncher" finished-at="2024-12-11T16:33:49 IST" duration-ms="385" status="PASS">
          <reporter-output>
          </reporter-output>
        </test-method> <!-- closeLauncher -->
      </class> <!-- test.TC_002_LoginTestDifFunction -->
      <class name="test.TC_001_RegisterTest">
        <test-method is-config="true" signature="reportInitilization()[pri:0, instance:test.TC_001_RegisterTest@1e66f1f5]" started-at="2024-12-11T16:33:18 IST" name="reportInitilization" finished-at="2024-12-11T16:33:18 IST" duration-ms="531" status="PASS">
          <reporter-output>
          </reporter-output>
        </test-method> <!-- reportInitilization -->
        <test-method is-config="true" signature="data()[pri:0, instance:test.TC_001_RegisterTest@1e66f1f5]" started-at="2024-12-11T16:33:18 IST" name="data" finished-at="2024-12-11T16:33:18 IST" duration-ms="4" status="PASS">
          <reporter-output>
          </reporter-output>
        </test-method> <!-- data -->
        <test-method is-config="true" signature="launchLoadUrl(java.lang.String,java.lang.String)[pri:0, instance:test.TC_001_RegisterTest@1e66f1f5]" started-at="2024-12-11T16:33:18 IST" name="launchLoadUrl" finished-at="2024-12-11T16:33:27 IST" duration-ms="8363" status="PASS">
          <params>
            <param index="0">
              <value>
                <![CDATA[https://thinking-tester-contact-list.herokuapp.com/]]>
              </value>
            </param>
            <param index="1">
              <value>
                <![CDATA[Chrome]]>
              </value>
            </param>
          </params>
          <reporter-output>
          </reporter-output>
        </test-method> <!-- launchLoadUrl -->
        <test-method signature="RegisterTest()[pri:0, instance:test.TC_001_RegisterTest@1e66f1f5]" started-at="2024-12-11T16:33:27 IST" name="RegisterTest" finished-at="2024-12-11T16:33:28 IST" duration-ms="1399" status="PASS">
          <reporter-output>
          </reporter-output>
        </test-method> <!-- RegisterTest -->
        <test-method is-config="true" signature="closeLauncher()[pri:0, instance:test.TC_001_RegisterTest@1e66f1f5]" started-at="2024-12-11T16:33:28 IST" name="closeLauncher" finished-at="2024-12-11T16:33:28 IST" duration-ms="201" status="PASS">
          <reporter-output>
          </reporter-output>
        </test-method> <!-- closeLauncher -->
        <test-method is-config="true" signature="closesuite()[pri:0, instance:test.TC_001_RegisterTest@1e66f1f5]" started-at="2024-12-11T16:34:02 IST" name="closesuite" finished-at="2024-12-11T16:34:02 IST" duration-ms="25" status="PASS">
          <reporter-output>
          </reporter-output>
        </test-method> <!-- closesuite -->
      </class> <!-- test.TC_001_RegisterTest -->
      <class name="test.TC_004_InvalidDobTest">
        <test-method is-config="true" signature="data()[pri:0, instance:test.TC_004_InvalidDobTest@5aebe890]" started-at="2024-12-11T16:33:18 IST" name="data" finished-at="2024-12-11T16:33:18 IST" duration-ms="1" status="PASS">
          <reporter-output>
          </reporter-output>
        </test-method> <!-- data -->
        <test-method is-config="true" signature="launchLoadUrl(java.lang.String,java.lang.String)[pri:0, instance:test.TC_004_InvalidDobTest@5aebe890]" started-at="2024-12-11T16:33:49 IST" name="launchLoadUrl" finished-at="2024-12-11T16:33:53 IST" duration-ms="3767" status="PASS">
          <params>
            <param index="0">
              <value>
                <![CDATA[https://thinking-tester-contact-list.herokuapp.com/]]>
              </value>
            </param>
            <param index="1">
              <value>
                <![CDATA[Chrome]]>
              </value>
            </param>
          </params>
          <reporter-output>
          </reporter-output>
        </test-method> <!-- launchLoadUrl -->
        <test-method signature="RegisterTest()[pri:0, instance:test.TC_004_InvalidDobTest@5aebe890]" started-at="2024-12-11T16:33:53 IST" name="RegisterTest" finished-at="2024-12-11T16:33:56 IST" duration-ms="3302" status="PASS">
          <reporter-output>
          </reporter-output>
        </test-method> <!-- RegisterTest -->
        <test-method is-config="true" signature="closeLauncher()[pri:0, instance:test.TC_004_InvalidDobTest@5aebe890]" started-at="2024-12-11T16:33:56 IST" name="closeLauncher" finished-at="2024-12-11T16:33:56 IST" duration-ms="262" status="PASS">
          <reporter-output>
          </reporter-output>
        </test-method> <!-- closeLauncher -->
      </class> <!-- test.TC_004_InvalidDobTest -->
    </test> <!-- Test -->
  </suite> <!-- Suite -->
</testng-results>
